mode: set
crdapp/pkg/apis/aihao/v1beta1/application_types.go:60.13,62.2 1 1
crdapp/pkg/apis/aihao/v1beta1/register.go:44.53,46.2 1 0
crdapp/pkg/apis/aihao/v1beta1/zz_generated.deepcopy.go:27.55,34.2 6 1
crdapp/pkg/apis/aihao/v1beta1/zz_generated.deepcopy.go:37.48,38.15 1 1
crdapp/pkg/apis/aihao/v1beta1/zz_generated.deepcopy.go:41.2,43.12 3 1
crdapp/pkg/apis/aihao/v1beta1/zz_generated.deepcopy.go:38.15,40.3 1 0
crdapp/pkg/apis/aihao/v1beta1/zz_generated.deepcopy.go:47.56,48.34 1 0
crdapp/pkg/apis/aihao/v1beta1/zz_generated.deepcopy.go:51.2,51.12 1 0
crdapp/pkg/apis/aihao/v1beta1/zz_generated.deepcopy.go:48.34,50.3 1 0
crdapp/pkg/apis/aihao/v1beta1/zz_generated.deepcopy.go:55.63,59.21 4 0
crdapp/pkg/apis/aihao/v1beta1/zz_generated.deepcopy.go:66.2,66.8 1 0
crdapp/pkg/apis/aihao/v1beta1/zz_generated.deepcopy.go:59.21,62.22 3 0
crdapp/pkg/apis/aihao/v1beta1/zz_generated.deepcopy.go:62.22,64.4 1 0
crdapp/pkg/apis/aihao/v1beta1/zz_generated.deepcopy.go:70.56,71.15 1 0
crdapp/pkg/apis/aihao/v1beta1/zz_generated.deepcopy.go:74.2,76.12 3 0
crdapp/pkg/apis/aihao/v1beta1/zz_generated.deepcopy.go:71.15,73.3 1 0
crdapp/pkg/apis/aihao/v1beta1/zz_generated.deepcopy.go:80.60,81.34 1 0
crdapp/pkg/apis/aihao/v1beta1/zz_generated.deepcopy.go:84.2,84.12 1 0
crdapp/pkg/apis/aihao/v1beta1/zz_generated.deepcopy.go:81.34,83.3 1 0
crdapp/pkg/apis/aihao/v1beta1/zz_generated.deepcopy.go:88.63,91.2 2 0
crdapp/pkg/apis/aihao/v1beta1/zz_generated.deepcopy.go:94.56,95.15 1 0
crdapp/pkg/apis/aihao/v1beta1/zz_generated.deepcopy.go:98.2,100.12 3 0
crdapp/pkg/apis/aihao/v1beta1/zz_generated.deepcopy.go:95.15,97.3 1 0
crdapp/pkg/apis/aihao/v1beta1/zz_generated.deepcopy.go:104.67,107.2 2 0
crdapp/pkg/apis/aihao/v1beta1/zz_generated.deepcopy.go:110.60,111.15 1 0
crdapp/pkg/apis/aihao/v1beta1/zz_generated.deepcopy.go:114.2,116.12 3 0
crdapp/pkg/apis/aihao/v1beta1/zz_generated.deepcopy.go:111.15,113.3 1 0
crdapp/pkg/controller/application/application_controller.go:49.37,51.2 1 0
crdapp/pkg/controller/application/application_controller.go:54.62,56.2 1 1
crdapp/pkg/controller/application/application_controller.go:59.61,62.16 2 1
crdapp/pkg/controller/application/application_controller.go:67.2,68.16 2 1
crdapp/pkg/controller/application/application_controller.go:74.2,78.16 2 1
crdapp/pkg/controller/application/application_controller.go:82.2,82.12 1 1
crdapp/pkg/controller/application/application_controller.go:62.16,64.3 1 0
crdapp/pkg/controller/application/application_controller.go:68.16,70.3 1 0
crdapp/pkg/controller/application/application_controller.go:78.16,80.3 1 0
crdapp/pkg/controller/application/application_controller.go:100.95,104.16 3 1
crdapp/pkg/controller/application/application_controller.go:116.2,138.90 2 1
crdapp/pkg/controller/application/application_controller.go:144.2,146.42 3 1
crdapp/pkg/controller/application/application_controller.go:158.2,158.49 1 1
crdapp/pkg/controller/application/application_controller.go:166.2,166.32 1 0
crdapp/pkg/controller/application/application_controller.go:104.16,105.29 1 0
crdapp/pkg/controller/application/application_controller.go:111.3,111.33 1 0
crdapp/pkg/controller/application/application_controller.go:105.29,109.4 1 0
crdapp/pkg/controller/application/application_controller.go:138.90,140.3 1 0
crdapp/pkg/controller/application/application_controller.go:146.42,149.17 3 1
crdapp/pkg/controller/application/application_controller.go:149.17,151.4 1 0
crdapp/pkg/controller/application/application_controller.go:152.8,152.23 1 0
crdapp/pkg/controller/application/application_controller.go:152.23,154.3 1 0
crdapp/pkg/controller/application/application_controller.go:158.49,162.17 4 1
crdapp/pkg/controller/application/application_controller.go:162.17,164.4 1 1
